<?xml version="1.0" encoding="UTF-8"?>
<testsuite xmlns:xsi="http://www.w3.org/2001/XMLSchema-instance" xsi:noNamespaceSchemaLocation="https://maven.apache.org/surefire/maven-surefire-plugin/xsd/surefire-test-report-3.0.xsd" version="3.0" name="conduitApp.ConduitTest" time="4.716" tests="2" errors="0" skipped="0" failures="0">
  <properties>
[...]
</properties>
  <testcase name="[1:7] Get all tags" classname="conduitApp/feature/HomePage" time="2.22">
    <system-out><![CDATA[17:42:09.267 [main] INFO  com.intuit.karate.Runner - using system property 'karate.options': --tags @debug
17:42:09.514 [main] DEBUG com.intuit.karate.Suite - [config] classpath:karate-config.js
17:42:10.075 [main] INFO  com.intuit.karate - karate.env system property was: null 
17:42:10.080 [main] INFO  com.intuit.karate - >> lock acquired, begin callSingle: classpath:helpers/GetToken.feature
17:42:10.290 [main] DEBUG com.intuit.karate - request:
1 > POST https://conduit-api.bondaracademy.com/api/users/login
1 > Content-Type: application/json; charset=UTF-8
1 > Content-Length: 58
1 > Host: conduit-api.bondaracademy.com
1 > Connection: Keep-Alive
1 > User-Agent: Apache-HttpClient/4.5.14 (Java/21.0.3)
1 > Accept-Encoding: gzip,deflate
{"user":{"email":"cloaiza@test.com","password":"karate1"}}

17:42:11.254 [main] DEBUG com.intuit.karate - response time in milliseconds: 962
1 < 200
1 < x-powered-by: Express
1 < vary: Origin
1 < content-type: application/json; charset=utf-8
1 < etag: W/"134-eWL4tHygpzJ4+B3TNdI9vghhSlg"
1 < X-Cloud-Trace-Context: 33d2f68f586fe4e352d39bda0717ef3e;o=1
1 < Date: Wed, 26 Feb 2025 22:42:11 GMT
1 < Server: Google Frontend
1 < Content-Length: 308
{"user":{"email":"cloaiza@test.com","username":"cloaiza","bio":null,"image":"https://conduit-api.bondaracademy.com/images/smiley-cyrus.jpeg","token":"eyJhbGciOiJIUzI1NiIsInR5cCI6IkpXVCJ9.eyJ1c2VyIjp7ImlkIjoyMTMzN30sImlhdCI6MTc0MDYwOTczMSwiZXhwIjoxNzQ1NzkzNzMxfQ.4Llbs9gtAUmjm_fB7WiXjN8DFmG-lvYbqpUOJajl1FU"}}

17:42:11.260 [main] INFO  com.intuit.karate - << lock released, cached callSingle: classpath:helpers/GetToken.feature
17:42:11.265 [main] DEBUG com.intuit.karate - request:
1 > GET https://conduit-api.bondaracademy.com/api/tags
1 > Authorization: Token eyJhbGciOiJIUzI1NiIsInR5cCI6IkpXVCJ9.eyJ1c2VyIjp7ImlkIjoyMTMzN30sImlhdCI6MTc0MDYwOTczMSwiZXhwIjoxNzQ1NzkzNzMxfQ.4Llbs9gtAUmjm_fB7WiXjN8DFmG-lvYbqpUOJajl1FU
1 > Host: conduit-api.bondaracademy.com
1 > Connection: Keep-Alive
1 > User-Agent: Apache-HttpClient/4.5.14 (Java/21.0.3)
1 > Accept-Encoding: gzip,deflate


17:42:12.234 [main] DEBUG com.intuit.karate - response time in milliseconds: 969
1 < 200
1 < x-powered-by: Express
1 < vary: Origin
1 < content-type: application/json; charset=utf-8
1 < etag: W/"67-cNIcjyO+YmKhGh8UHD3txAODR5U"
1 < X-Cloud-Trace-Context: 57221f7264a968663624ed513bac0dac
1 < Date: Wed, 26 Feb 2025 22:42:12 GMT
1 < Server: Google Frontend
1 < Content-Length: 103
{"tags":["Test","GitHub","Coding","Git","Enroll","Bondar Academy","Zoom","qa career","YouTube","Exam"]}

]]></system-out>
  </testcase>
  <testcase name="[2:17] Get 10 articles from the page" classname="conduitApp/feature/HomePage" time="1.284">
    <system-out><![CDATA[17:42:12.254 [main] INFO  com.intuit.karate - karate.env system property was: null 
17:42:12.257 [main] DEBUG com.intuit.karate - request:
1 > GET https://conduit-api.bondaracademy.com/api/articles?offset=0&limit=10
1 > Authorization: Token eyJhbGciOiJIUzI1NiIsInR5cCI6IkpXVCJ9.eyJ1c2VyIjp7ImlkIjoyMTMzN30sImlhdCI6MTc0MDYwOTczMSwiZXhwIjoxNzQ1NzkzNzMxfQ.4Llbs9gtAUmjm_fB7WiXjN8DFmG-lvYbqpUOJajl1FU
1 > Host: conduit-api.bondaracademy.com
1 > Connection: Keep-Alive
1 > User-Agent: Apache-HttpClient/4.5.14 (Java/21.0.3)
1 > Accept-Encoding: gzip,deflate


17:42:13.086 [main] DEBUG com.intuit.karate - response time in milliseconds: 828
1 < 200
1 < x-powered-by: Express
1 < vary: Origin
1 < content-type: application/json; charset=utf-8
1 < etag: W/"186c-k8mEAuPN5JxviO2UctrLEwvUnBc"
1 < X-Cloud-Trace-Context: 07a2592b6ea97a6be390721dd373961f
1 < Date: Wed, 26 Feb 2025 22:42:13 GMT
1 < Server: Google Frontend
1 < Content-Length: 6252
{"articles":[{"slug":"test1134-21337","title":"test1134","description":"testDesc","body":"testBody","tagList":["Test"],"createdAt":"2025-02-25T22:13:33.556Z","updatedAt":"2025-02-25T22:13:33.556Z","favorited":false,"favoritesCount":0,"author":{"username":"cloaiza","bio":null,"image":"https://conduit-api.bondaracademy.com/images/smiley-cyrus.jpeg","following":false}},{"slug":"test121-21337","title":"test121","description":"test","body":"test","tagList":["Test"],"createdAt":"2025-02-25T22:06:23.517Z","updatedAt":"2025-02-25T22:06:23.517Z","favorited":false,"favoritesCount":0,"author":{"username":"cloaiza","bio":null,"image":"https://conduit-api.bondaracademy.com/images/smiley-cyrus.jpeg","following":false}},{"slug":"test113-21337","title":"test113","description":"testDesc","body":"testBody","tagList":["Test"],"createdAt":"2025-02-25T21:52:21.824Z","updatedAt":"2025-02-25T21:52:21.824Z","favorited":false,"favoritesCount":0,"author":{"username":"cloaiza","bio":null,"image":"https://conduit-api.bondaracademy.com/images/smiley-cyrus.jpeg","following":false}},{"slug":"test112-21337","title":"test112","description":"testDesc","body":"testBody","tagList":["Test"],"createdAt":"2025-02-25T16:35:40.311Z","updatedAt":"2025-02-25T16:35:40.311Z","favorited":false,"favoritesCount":0,"author":{"username":"cloaiza","bio":null,"image":"https://conduit-api.bondaracademy.com/images/smiley-cyrus.jpeg","following":false}},{"slug":"test111-21337","title":"test111","description":"testDesc","body":"testBody","tagList":["Test"],"createdAt":"2025-02-25T16:34:11.419Z","updatedAt":"2025-02-25T16:34:11.419Z","favorited":false,"favoritesCount":0,"author":{"username":"cloaiza","bio":null,"image":"https://conduit-api.bondaracademy.com/images/smiley-cyrus.jpeg","following":false}},{"slug":"test11-21337","title":"test11","description":"test","body":"test","tagList":["Test"],"createdAt":"2025-02-25T16:28:07.449Z","updatedAt":"2025-02-25T16:28:07.449Z","favorited":false,"favoritesCount":0,"author":{"username":"cloaiza","bio":null,"image":"https://conduit-api.bondaracademy.com/images/smiley-cyrus.jpeg","following":false}},{"slug":"test1-21337","title":"test1","description":"test","body":"test","tagList":["Test"],"createdAt":"2025-02-25T16:24:45.074Z","updatedAt":"2025-02-25T16:24:45.074Z","favorited":false,"favoritesCount":0,"author":{"username":"cloaiza","bio":null,"image":"https://conduit-api.bondaracademy.com/images/smiley-cyrus.jpeg","following":false}},{"slug":"some-title-21337","title":"some title","description":"some ","body":"something","tagList":["Some"],"createdAt":"2025-02-25T16:17:38.217Z","updatedAt":"2025-02-25T16:17:38.217Z","favorited":false,"favoritesCount":0,"author":{"username":"cloaiza","bio":null,"image":"https://conduit-api.bondaracademy.com/images/smiley-cyrus.jpeg","following":false}},{"slug":"Discover-Bondar-Academy:-Your-Gateway-to-Efficient-Learning-1","title":"Discover Bondar Academy: Your Gateway to Efficient Learning","description":"Discover Bondar Academy's unique place in the educational landscape, where value-focused and efficient learning approaches converge. Our goal is to rapidly enhance your professional technical skills, boosting your market competitiveness and paving the way for higher-paying job opportunities. The speed of your progress is in your hands – you set the pace, and we provide the solutions and support to help you achieve your desired outcomes.","body":"Bondar Academy is a leading platform for efficient education, designed to boost your technical skills and advance your career in Quality Assurance (QA). Our program features a balanced mix of pre-recorded lectures and live sessions, allowing each student to study at their own pace and at a time that suits them. \n\nOur instructors are readily available on our Slack Workspace for support. Whether it's a quick question or a more complex issue requiring a Zoom call or Slack Huddle for screen sharing and live discussion, we're here to assist. Additionally, each class comes with a comprehensive question bank for self-assessment. Following each lecture, you have the opportunity to validate your understanding and readiness to progress to the next topic. You set the pace, and we provide the solutions to ensure you achieve your desired outcomes.\n\nSignUp today: https://www.bondaracademy.com","tagList":["qa career","Bondar Academy","QA Skills","Value-Focused"],"createdAt":"2024-01-27T21:52:32.682Z","updatedAt":"2024-01-27T21:52:32.682Z","favorited":false,"favoritesCount":547,"author":{"username":"Artem Bondar","bio":null,"image":"https://storage.googleapis.com/bondar-academy-visuals/Android.png","following":false}},{"slug":"The-value-of-pre-recorded-video-classes.-The-most-efficient-approach-to-tranfer-the-knowledge-1","title":"The value of pre-recorded video classes. The most efficient approach to tranfer the knowledge","description":"As educational practices evolve, video tutorials have emerged as the most efficient method for imparting theoretical knowledge. At Bondar Academy, we prioritize expertly structured and crafted video tutorials, ensuring you learn quickly and effectively and advance your skills.","body":"At Bondar Academy, we prioritize the value of your time and the efficiency of your education, distinguishing our approach from traditional colleges and live boot camps. Forget long, tedious live lectures on a fixed schedule. With us, you learn at your convenience and pace through optimized, structured video lectures. \n\nWe understand your goal is rapid knowledge acquisition. Our pre-recorded and well-organized lectures are designed precisely for this, ensuring no slowdowns from group dynamics or unrelated instructor anecdotes. \n\nDive straight into the subject matter, learn efficiently, and if questions arise, our immediate support on the Slack Workspace is there to streamline your learning process and swiftly remove any roadblocks.","tagList":["Bondar Academy","Video Lectures","Tutorials"],"createdAt":"2024-01-27T21:50:38.825Z","updatedAt":"2024-01-27T21:50:38.825Z","favorited":false,"favoritesCount":206,"author":{"username":"Artem Bondar","bio":null,"image":"https://storage.googleapis.com/bondar-academy-visuals/Android.png","following":false}}],"articlesCount":18}

---------------------------------------------------------
feature: classpath:conduitApp/feature/HomePage.feature
scenarios:  2 | passed:  2 | failed:  0 | time: 1,8348
---------------------------------------------------------

]]></system-out>
  </testcase>
</testsuite>