<?xml version="1.0" encoding="UTF-8"?>
<testsuite xmlns:xsi="http://www.w3.org/2001/XMLSchema-instance" xsi:noNamespaceSchemaLocation="https://maven.apache.org/surefire/maven-surefire-plugin/xsd/surefire-test-report-3.0.xsd" version="3.0" name="conduitApp.ConduitTest" time="4.186" tests="1" errors="0" skipped="0" failures="0">
  <properties>
[...]
</properties>
  <testcase name="testParallel" classname="conduitApp.ConduitTest" time="4.183">
    <system-out><![CDATA[10:51:53.058 [main] INFO  com.intuit.karate.Runner - using system property 'karate.options': --tags debug
10:51:53.605 [main] DEBUG com.intuit.karate.Suite - [config] classpath:karate-config.js
10:51:53.616 [main] INFO  com.intuit.karate.Suite - backed up existing 'target\karate-reports' dir to: target\karate-reports_1741189913605
10:51:54.212 [main] INFO  com.intuit.karate - karate.env system property was: null 
10:51:54.217 [main] INFO  com.intuit.karate - >> lock acquired, begin callSingle: classpath:helpers/GetToken.feature
10:51:54.408 [main] DEBUG com.intuit.karate - request:
1 > POST https://conduit-api.bondaracademy.com/api/users/login
1 > Content-Type: application/json; charset=UTF-8
1 > Content-Length: 58
1 > Host: conduit-api.bondaracademy.com
1 > Connection: Keep-Alive
1 > User-Agent: Apache-HttpClient/4.5.14 (Java/21.0.3)
1 > Accept-Encoding: gzip,deflate
{"user":{"email":"cloaiza@test.com","password":"karate1"}}

10:51:55.085 [main] DEBUG com.intuit.karate - response time in milliseconds: 670
1 < 200
1 < x-powered-by: Express
1 < vary: Origin
1 < content-type: application/json; charset=utf-8
1 < etag: W/"134-pf+f6RNnAWvLlwWy50dDhemCaFs"
1 < X-Cloud-Trace-Context: 50300c6db40e9a4d060f055d995f4e00;o=1
1 < Date: Wed, 05 Mar 2025 15:51:54 GMT
1 < Server: Google Frontend
1 < Content-Length: 308
{"user":{"email":"cloaiza@test.com","username":"cloaiza","bio":null,"image":"https://conduit-api.bondaracademy.com/images/smiley-cyrus.jpeg","token":"eyJhbGciOiJIUzI1NiIsInR5cCI6IkpXVCJ9.eyJ1c2VyIjp7ImlkIjoyMTMzN30sImlhdCI6MTc0MTE4OTkxNCwiZXhwIjoxNzQ2MzczOTE0fQ.0LVQi8f-2tEFBKElFRAiJDN1nNKVwum7fS7ZRK7JHcU"}}

10:51:55.092 [main] INFO  com.intuit.karate - << lock released, cached callSingle: classpath:helpers/GetToken.feature
10:51:55.099 [main] DEBUG com.intuit.karate - request:
1 > GET https://conduit-api.bondaracademy.com/api/articles?offset=0&limit=10
1 > Authorization: Token eyJhbGciOiJIUzI1NiIsInR5cCI6IkpXVCJ9.eyJ1c2VyIjp7ImlkIjoyMTMzN30sImlhdCI6MTc0MTE4OTkxNCwiZXhwIjoxNzQ2MzczOTE0fQ.0LVQi8f-2tEFBKElFRAiJDN1nNKVwum7fS7ZRK7JHcU
1 > Host: conduit-api.bondaracademy.com
1 > Connection: Keep-Alive
1 > User-Agent: Apache-HttpClient/4.5.14 (Java/21.0.3)
1 > Accept-Encoding: gzip,deflate


10:51:55.562 [main] DEBUG com.intuit.karate - response time in milliseconds: 463
1 < 200
1 < x-powered-by: Express
1 < vary: Origin
1 < content-type: application/json; charset=utf-8
1 < etag: W/"108c-wjOciQkeyz2nYqr6vjbRjRURORA"
1 < X-Cloud-Trace-Context: 9bcc5eb98e7343e90f1761499ebc03f4
1 < Date: Wed, 05 Mar 2025 15:51:55 GMT
1 < Server: Google Frontend
1 < Content-Length: 4236
{"articles":[{"slug":"test12612-21337","title":"test12612","description":"test","body":"test","tagList":["Test"],"createdAt":"2025-03-05T15:48:31.956Z","updatedAt":"2025-03-05T15:48:31.956Z","favorited":true,"favoritesCount":1,"author":{"username":"cloaiza","bio":null,"image":"https://conduit-api.bondaracademy.com/images/smiley-cyrus.jpeg","following":false}},{"slug":"Wylla-21337","title":"Wylla","description":"Lorath","body":"And so he spoke, and so he spoke, that Lord of Castamere, but now the rains weep o'er his hall, with no one there to hear. Yes, now the rains weep o'er his hall, and not a soul to hear.","tagList":[],"createdAt":"2025-03-05T15:44:00.569Z","updatedAt":"2025-03-05T15:44:00.569Z","favorited":false,"favoritesCount":0,"author":{"username":"cloaiza","bio":null,"image":"https://conduit-api.bondaracademy.com/images/smiley-cyrus.jpeg","following":false}},{"slug":"Jon-Redfort-21337","title":"Jon Redfort","description":"Vaes Dothrak","body":"When you play a game of thrones you win or you die.","tagList":[],"createdAt":"2025-03-05T15:39:18.014Z","updatedAt":"2025-03-05T15:39:18.014Z","favorited":true,"favoritesCount":1,"author":{"username":"cloaiza","bio":null,"image":"https://conduit-api.bondaracademy.com/images/smiley-cyrus.jpeg","following":false}},{"slug":"Chiswyck-21337","title":"Chiswyck","description":"Tyria","body":"Knowledge could be more valuable than gold, more deadly than a dagger.","tagList":[],"createdAt":"2025-03-05T15:36:59.190Z","updatedAt":"2025-03-05T15:36:59.190Z","favorited":true,"favoritesCount":1,"author":{"username":"cloaiza","bio":null,"image":"https://conduit-api.bondaracademy.com/images/smiley-cyrus.jpeg","following":false}},{"slug":"Roelle-21337","title":"Roelle","description":"Astapor","body":"... a mind needs books as a sword needs a whetstone, if it is to keep its edge.","tagList":[],"createdAt":"2025-03-05T15:35:44.491Z","updatedAt":"2025-03-05T15:35:44.491Z","favorited":true,"favoritesCount":1,"author":{"username":"cloaiza","bio":null,"image":"https://conduit-api.bondaracademy.com/images/smiley-cyrus.jpeg","following":false}},{"slug":"Walder-Frey-21337","title":"Walder Frey","description":"Asshai","body":"Fear cuts deeper than swords.","tagList":[],"createdAt":"2025-03-05T15:30:52.899Z","updatedAt":"2025-03-05T15:30:52.899Z","favorited":true,"favoritesCount":1,"author":{"username":"cloaiza","bio":null,"image":"https://conduit-api.bondaracademy.com/images/smiley-cyrus.jpeg","following":false}},{"slug":"Wenda-21337","title":"Wenda","description":"Ar Noy","body":"The North remembers.","tagList":[],"createdAt":"2025-03-04T15:50:52.372Z","updatedAt":"2025-03-04T15:50:52.372Z","favorited":true,"favoritesCount":1,"author":{"username":"cloaiza","bio":null,"image":"https://conduit-api.bondaracademy.com/images/smiley-cyrus.jpeg","following":false}},{"slug":"Beqqo-21337","title":"Beqqo","description":"Ar Noy","body":"Give me honorable enemies rather than ambitious ones, and I'll sleep more easily by night.","tagList":[],"createdAt":"2025-03-04T15:50:18.543Z","updatedAt":"2025-03-04T15:50:18.543Z","favorited":false,"favoritesCount":0,"author":{"username":"cloaiza","bio":null,"image":"https://conduit-api.bondaracademy.com/images/smiley-cyrus.jpeg","following":false}},{"slug":"Deana-Hardyng-21337","title":"Deana Hardyng","description":"Bhorash","body":"Power is a curious thing. Who lives, Who dies. Power resides where men believe it resides. It is a trick, A shadow on the wall.","tagList":[],"createdAt":"2025-03-04T15:49:29.051Z","updatedAt":"2025-03-04T15:49:29.051Z","favorited":false,"favoritesCount":0,"author":{"username":"cloaiza","bio":null,"image":"https://conduit-api.bondaracademy.com/images/smiley-cyrus.jpeg","following":false}},{"slug":"Galyeon-of-Cuy-21337","title":"Galyeon of Cuy","description":"Volantis","body":"Power is a curious thing. Who lives, Who dies. Power resides where men believe it resides. It is a trick, A shadow on the wall.","tagList":[],"createdAt":"2025-03-04T15:49:29.025Z","updatedAt":"2025-03-04T15:49:29.025Z","favorited":false,"favoritesCount":0,"author":{"username":"cloaiza","bio":null,"image":"https://conduit-api.bondaracademy.com/images/smiley-cyrus.jpeg","following":false}}],"articlesCount":63}

---------------------------------------------------------
feature: classpath:conduitApp/feature/HomePage.feature
scenarios:  1 | passed:  1 | failed:  0 | time: 0,4837
---------------------------------------------------------

10:51:55.949 [main] INFO  com.intuit.karate.Suite - <<pass>> feature 2 of 5 (0 remaining) classpath:conduitApp/feature/HomePage.feature
10:51:55.950 [main] INFO  com.intuit.karate - karate.env system property was: null 
10:51:55.950 [main] INFO  com.intuit.karate - >> lock acquired, begin callonce: read('classpath:helpers/Dummy.feature')
10:51:56.130 [main] INFO  com.intuit.karate - [print] harold.ritchie 
10:51:56.130 [main] INFO  com.intuit.karate - << lock released, cached callonce: read('classpath:helpers/Dummy.feature')
10:51:56.136 [main] INFO  com.intuit.karate - [print] randell93@test.com 
10:51:56.136 [main] INFO  com.intuit.karate - [print] This is the first scenario 
10:51:56.180 [main] INFO  com.intuit.karate - [print] charles.bins 
10:51:56.187 [main] INFO  com.intuit.karate - karate.env system property was: null 
10:51:56.190 [main] INFO  com.intuit.karate - [print] randell93@test.com 
10:51:56.190 [main] INFO  com.intuit.karate - [print] This is the second scenario 
10:51:56.215 [main] INFO  com.intuit.karate - [print] milford.bins 
10:51:56.219 [main] INFO  com.intuit.karate - After Feature Text 
---------------------------------------------------------
feature: classpath:conduitApp/feature/Hooks.feature
scenarios:  2 | passed:  2 | failed:  0 | time: 0,1827
---------------------------------------------------------

10:51:56.328 [main] INFO  com.intuit.karate.Suite - <<pass>> feature 4 of 5 (0 remaining) classpath:conduitApp/feature/Hooks.feature
10:51:56.331 [main] DEBUG com.intuit.karate.Suite - waiting for 5 features to complete
Karate version: 1.4.1
======================================================
elapsed:   3,28 | threads:    1 | thread time: 0,67 
features:     2 | skipped:    3 | efficiency: 0,20
scenarios:    3 | passed:     3 | failed: 0
======================================================

HTML report: (paste into browser to view) | Karate version: 1.4.1
file:///C:/Users/loaiz/OneDrive/Documentos/Automation/Karate/KarateDemo1/target/karate-reports/karate-summary.html
===================================================================

10:51:56.596 [main] INFO  n.m.cucumber.ReportParser - File 'C:\Users\loaiz\OneDrive\Documentos\Automation\Karate\KarateDemo1\target\karate-reports\conduitApp.feature.HomePage.json' contains 1 feature(s)
10:51:56.604 [main] INFO  n.m.cucumber.ReportParser - File 'C:\Users\loaiz\OneDrive\Documentos\Automation\Karate\KarateDemo1\target\karate-reports\conduitApp.feature.Hooks.json' contains 1 feature(s)
]]></system-out>
  </testcase>
</testsuite>